<?xml version="1.0" encoding="UTF-8"?>
<!-- Generated by org.testng.reporters.JUnitReportReporter -->
<testsuite hostname="ustpalu1670.local" failures="1" tests="1" name="BRD_Jira1753_Payment_FTS.BRD_ProductSummary_Req" time="9.387" errors="0" timestamp="2021-09-13T08:39:18 EDT" skipped="0">
  <testcase classname="BRD_Jira1753_Payment_FTS.BRD_ProductSummary_Req" name="FetchApplicant" time="9.387">
    <failure message="The Key: &quot;TC_SV&quot; Expected Value Is: &quot;&quot; And Actual Value Is: {name=Current Accounts, products=[{availableBalance=13911.67, BBAN=1110000097, currency=DOP, debitCardsItems=[], id=32451b09-3ad7-44cc-ac19-d9b54aed5c7b, name=Current Account 1110000097, crossCurrencyAllowed=true, productKindName=Current Account, productTypeName=CORRIENTE PERSONAL S/INTERESES, bankAlias=Current Account Alias, visible=true, subArrangements=[], additions={currencyCode=DOP}}], aggregatedBalance={}}&quot;" type="java.lang.AssertionError">
      <![CDATA[java.lang.AssertionError: The Key: "TC_SV" Expected Value Is: "" And Actual Value Is: {name=Current Accounts, products=[{availableBalance=13911.67, BBAN=1110000097, currency=DOP, debitCardsItems=[], id=32451b09-3ad7-44cc-ac19-d9b54aed5c7b, name=Current Account 1110000097, crossCurrencyAllowed=true, productKindName=Current Account, productTypeName=CORRIENTE PERSONAL S/INTERESES, bankAlias=Current Account Alias, visible=true, subArrangements=[], additions={currencyCode=DOP}}], aggregatedBalance={}}"
at org.testng.Assert.fail(Assert.java:99)
at BRD_Jira1753_Payment_FTS.BRD_ProductSummary_Req.FetchApplicant(BRD_ProductSummary_Req.java:341)
at java.base/jdk.internal.reflect.NativeMethodAccessorImpl.invoke0(Native Method)
at java.base/jdk.internal.reflect.NativeMethodAccessorImpl.invoke(NativeMethodAccessorImpl.java:78)
at java.base/jdk.internal.reflect.DelegatingMethodAccessorImpl.invoke(DelegatingMethodAccessorImpl.java:43)
at java.base/java.lang.reflect.Method.invoke(Method.java:567)
at org.testng.internal.MethodInvocationHelper.invokeMethod(MethodInvocationHelper.java:133)
at org.testng.internal.TestInvoker.invokeMethod(TestInvoker.java:598)
at org.testng.internal.TestInvoker.invokeTestMethod(TestInvoker.java:173)
at org.testng.internal.MethodRunner.runInSequence(MethodRunner.java:46)
at org.testng.internal.TestInvoker$MethodInvocationAgent.invoke(TestInvoker.java:824)
at org.testng.internal.TestInvoker.invokeTestMethods(TestInvoker.java:146)
at org.testng.internal.TestMethodWorker.invokeTestMethods(TestMethodWorker.java:146)
at org.testng.internal.TestMethodWorker.run(TestMethodWorker.java:128)
at java.base/java.util.ArrayList.forEach(ArrayList.java:1511)
at org.testng.TestRunner.privateRun(TestRunner.java:794)
at org.testng.TestRunner.run(TestRunner.java:596)
at org.testng.SuiteRunner.runTest(SuiteRunner.java:377)
at org.testng.SuiteRunner.runSequentially(SuiteRunner.java:371)
at org.testng.SuiteRunner.privateRun(SuiteRunner.java:332)
at org.testng.SuiteRunner.run(SuiteRunner.java:276)
at org.testng.SuiteRunnerWorker.runSuite(SuiteRunnerWorker.java:53)
at org.testng.SuiteRunnerWorker.run(SuiteRunnerWorker.java:96)
at org.testng.TestNG.runSuitesSequentially(TestNG.java:1212)
at org.testng.TestNG.runSuitesLocally(TestNG.java:1134)
at org.testng.TestNG.runSuites(TestNG.java:1063)
at org.testng.TestNG.run(TestNG.java:1031)
at org.testng.remote.AbstractRemoteTestNG.run(AbstractRemoteTestNG.java:115)
at org.testng.remote.RemoteTestNG.initAndRun(RemoteTestNG.java:251)
at org.testng.remote.RemoteTestNG.main(RemoteTestNG.java:77)
]]>
    </failure>
  </testcase> <!-- FetchApplicant -->
  <system-out/>
</testsuite> <!-- BRD_Jira1753_Payment_FTS.BRD_ProductSummary_Req -->
