<?xml version="1.0" encoding="UTF-8"?>
<!-- Generated by org.testng.reporters.JUnitXMLReporter -->
<testsuite ignored="0" hostname="ustpalu1670.local" failures="0" tests="1" name="Default test" time="0.035" errors="0" timestamp="2021-09-13T16:22:46 EDT">
  <testcase classname="utilities.global_Functions" name="@BeforeTest setup_Fun" time="-1.631564566751E9">
    <failure type="org.testng.TestNGException" message="
Parameter &amp;apos;EnvURL&amp;apos; is required by BeforeTest on method setup_Fun but has not been marked @Optional or defined
in /private/var/folders/56/079s62n16bg2033crnwfby40mr0x74/T/testng-eclipse--1961575263/testng-customsuite.xml">
      <![CDATA[org.testng.TestNGException: 
Parameter 'EnvURL' is required by BeforeTest on method setup_Fun but has not been marked @Optional or defined
in /private/var/folders/56/079s62n16bg2033crnwfby40mr0x74/T/testng-eclipse--1961575263/testng-customsuite.xml
at org.testng.internal.Parameters.createParams(Parameters.java:270)
at org.testng.internal.Parameters.createParametersForMethod(Parameters.java:358)
at org.testng.internal.Parameters.createParameters(Parameters.java:700)
at org.testng.internal.Parameters.createConfigurationParameters(Parameters.java:168)
at org.testng.internal.ConfigInvoker.invokeConfigurations(ConfigInvoker.java:302)
at org.testng.TestRunner.invokeTestConfigurations(TestRunner.java:637)
at org.testng.TestRunner.beforeRun(TestRunner.java:627)
at org.testng.TestRunner.run(TestRunner.java:589)
at org.testng.SuiteRunner.runTest(SuiteRunner.java:377)
at org.testng.SuiteRunner.runSequentially(SuiteRunner.java:371)
at org.testng.SuiteRunner.privateRun(SuiteRunner.java:332)
at org.testng.SuiteRunner.run(SuiteRunner.java:276)
at org.testng.SuiteRunnerWorker.runSuite(SuiteRunnerWorker.java:53)
at org.testng.SuiteRunnerWorker.run(SuiteRunnerWorker.java:96)
at org.testng.TestNG.runSuitesSequentially(TestNG.java:1212)
at org.testng.TestNG.runSuitesLocally(TestNG.java:1134)
at org.testng.TestNG.runSuites(TestNG.java:1063)
at org.testng.TestNG.run(TestNG.java:1031)
at org.testng.remote.AbstractRemoteTestNG.run(AbstractRemoteTestNG.java:115)
at org.testng.remote.RemoteTestNG.initAndRun(RemoteTestNG.java:251)
at org.testng.remote.RemoteTestNG.main(RemoteTestNG.java:77)
]]>
    </failure>
  </testcase> <!-- @BeforeTest setup_Fun -->
  <testcase classname="utilities.global_Functions" name="@BeforeClass tearDown" time="-1.631564566769E9">
    <skipped/>
  </testcase> <!-- @BeforeClass tearDown -->
  <testcase classname="utilities.global_Functions" name="@AfterTest TearDown" time="-1.631564566782E9">
    <skipped/>
  </testcase> <!-- @AfterTest TearDown -->
  <testcase classname="projectname_APIs_FunctionalTestSuite_Scripts.projectname_ListUsers_Get_Req_FT_Script" name="FetchApplicant" time="0.0">
    <skipped/>
  </testcase> <!-- FetchApplicant -->
</testsuite> <!-- Default test -->
